Watching for file changes with StatReloader
C:\Users\felip\OneDrive\Escritorio\PRO_TRESMONTES_v1\backend\core\urls.py changed, reloading.
Watching for file changes with StatReloader
generated new fontManager
Watching for file changes with StatReloader
Watching for file changes with StatReloader
C:\Users\felip\OneDrive\Escritorio\PRO_TRESMONTES_v1\backend\core\settings.py changed, reloading.
Watching for file changes with StatReloader
C:\Users\felip\OneDrive\Escritorio\PRO_TRESMONTES_v1\backend\qr_system\views.py changed, reloading.
Watching for file changes with StatReloader
C:\Users\felip\OneDrive\Escritorio\PRO_TRESMONTES_v1\backend\qr_system\views.py changed, reloading.
Watching for file changes with StatReloader
C:\Users\felip\OneDrive\Escritorio\PRO_TRESMONTES_v1\backend\qr_system\views.py changed, reloading.
Watching for file changes with StatReloader
C:\Users\felip\OneDrive\Escritorio\PRO_TRESMONTES_v1\backend\qr_system\views.py changed, reloading.
Watching for file changes with StatReloader
C:\Users\felip\OneDrive\Escritorio\PRO_TRESMONTES_v1\backend\qr_system\views.py changed, reloading.
Watching for file changes with StatReloader
C:\Users\felip\OneDrive\Escritorio\PRO_TRESMONTES_v1\backend\entregas\urls.py changed, reloading.
Watching for file changes with StatReloader
C:\Users\felip\OneDrive\Escritorio\PRO_TRESMONTES_v1\backend\entregas\urls.py changed, reloading.
Watching for file changes with StatReloader
C:\Users\felip\OneDrive\Escritorio\PRO_TRESMONTES_v1\backend\trabajadores\models.py changed, reloading.
Watching for file changes with StatReloader
C:\Users\felip\OneDrive\Escritorio\PRO_TRESMONTES_v1\backend\trabajadores\serializers.py changed, reloading.
Watching for file changes with StatReloader
C:\Users\felip\OneDrive\Escritorio\PRO_TRESMONTES_v1\backend\trabajadores\views.py changed, reloading.
Watching for file changes with StatReloader
C:\Users\felip\OneDrive\Escritorio\PRO_TRESMONTES_v1\backend\trabajadores\urls.py changed, reloading.
Watching for file changes with StatReloader
C:\Users\felip\OneDrive\Escritorio\PRO_TRESMONTES_v1\backend\trabajadores\admin.py changed, reloading.
Watching for file changes with StatReloader
C:\Users\felip\OneDrive\Escritorio\PRO_TRESMONTES_v1\backend\core\settings.py changed, reloading.
Watching for file changes with StatReloader
Watching for file changes with StatReloader
Watching for file changes with StatReloader
Unauthorized: /api/trabajadores/
Not Found: /favicon.ico
Unauthorized: /api/trabajadores/
Unauthorized: /api/trabajadores/
Unauthorized: /api/trabajadores/
Unauthorized: /api/trabajadores/
Not Found: /api/departamentos/
Not Found: /api/sucursales/
C:\Users\felip\OneDrive\Escritorio\PRO_TRESMONTES_v1\backend\trabajadores\views.py changed, reloading.
Watching for file changes with StatReloader
C:\Users\felip\OneDrive\Escritorio\PRO_TRESMONTES_v1\backend\trabajadores\views.py changed, reloading.
Watching for file changes with StatReloader
C:\Users\felip\OneDrive\Escritorio\PRO_TRESMONTES_v1\backend\trabajadores\views.py changed, reloading.
Watching for file changes with StatReloader
C:\Users\felip\OneDrive\Escritorio\PRO_TRESMONTES_v1\backend\trabajadores\views.py changed, reloading.
Watching for file changes with StatReloader
C:\Users\felip\OneDrive\Escritorio\PRO_TRESMONTES_v1\backend\trabajadores\views.py changed, reloading.
Watching for file changes with StatReloader
Unauthorized: /api/trabajadores/
Unauthorized: /api/trabajadores/
Unauthorized: /api/trabajadores/
C:\Users\felip\OneDrive\Escritorio\PRO_TRESMONTES_v1\backend\qr_system\models.py changed, reloading.
Watching for file changes with StatReloader
C:\Users\felip\OneDrive\Escritorio\PRO_TRESMONTES_v1\backend\qr_system\views.py changed, reloading.
Watching for file changes with StatReloader
C:\Users\felip\OneDrive\Escritorio\PRO_TRESMONTES_v1\backend\qr_system\views.py changed, reloading.
Watching for file changes with StatReloader
C:\Users\felip\OneDrive\Escritorio\PRO_TRESMONTES_v1\backend\entregas\models.py changed, reloading.
Watching for file changes with StatReloader
C:\Users\felip\OneDrive\Escritorio\PRO_TRESMONTES_v1\backend\core\settings.py changed, reloading.
Watching for file changes with StatReloader
C:\Users\felip\OneDrive\Escritorio\PRO_TRESMONTES_v1\backend\notificaciones\models.py changed, reloading.
Watching for file changes with StatReloader
C:\Users\felip\OneDrive\Escritorio\PRO_TRESMONTES_v1\backend\core\settings.py changed, reloading.
Watching for file changes with StatReloader
C:\Users\felip\OneDrive\Escritorio\PRO_TRESMONTES_v1\backend\notificaciones\models.py changed, reloading.
Watching for file changes with StatReloader
Watching for file changes with StatReloader
Not Found: /favicon.ico
C:\Users\felip\OneDrive\Escritorio\PRO_TRESMONTES_v1\backend\core\settings.py changed, reloading.
Watching for file changes with StatReloader
C:\Users\felip\OneDrive\Escritorio\PRO_TRESMONTES_v1\backend\reportes\urls.py changed, reloading.
Watching for file changes with StatReloader
C:\Users\felip\OneDrive\Escritorio\PRO_TRESMONTES_v1\backend\notificaciones\views.py changed, reloading.
Watching for file changes with StatReloader
C:\Users\felip\OneDrive\Escritorio\PRO_TRESMONTES_v1\backend\notificaciones\models.py changed, reloading.
Watching for file changes with StatReloader
C:\Users\felip\OneDrive\Escritorio\PRO_TRESMONTES_v1\backend\reportes\views.py changed, reloading.
Watching for file changes with StatReloader
C:\Users\felip\OneDrive\Escritorio\PRO_TRESMONTES_v1\backend\configuracion\models.py changed, reloading.
Watching for file changes with StatReloader
C:\Users\felip\OneDrive\Escritorio\PRO_TRESMONTES_v1\backend\configuracion\urls.py changed, reloading.
Watching for file changes with StatReloader
C:\Users\felip\OneDrive\Escritorio\PRO_TRESMONTES_v1\backend\entregas\models.py changed, reloading.
Watching for file changes with StatReloader
C:\Users\felip\OneDrive\Escritorio\PRO_TRESMONTES_v1\backend\entregas\views.py changed, reloading.
Watching for file changes with StatReloader
C:\Users\felip\OneDrive\Escritorio\PRO_TRESMONTES_v1\backend\core\urls.py changed, reloading.
Watching for file changes with StatReloader
C:\Users\felip\OneDrive\Escritorio\PRO_TRESMONTES_v1\backend\notificaciones\serializers.py changed, reloading.
Watching for file changes with StatReloader
C:\Users\felip\OneDrive\Escritorio\PRO_TRESMONTES_v1\backend\notificaciones\urls.py changed, reloading.
Watching for file changes with StatReloader
C:\Users\felip\OneDrive\Escritorio\PRO_TRESMONTES_v1\backend\qr_system\urls.py changed, reloading.
Watching for file changes with StatReloader
C:\Users\felip\OneDrive\Escritorio\PRO_TRESMONTES_v1\backend\qr_system\utils.py changed, reloading.
Watching for file changes with StatReloader
C:\Users\felip\OneDrive\Escritorio\PRO_TRESMONTES_v1\backend\configuracion\serializers.py changed, reloading.
Watching for file changes with StatReloader
C:\Users\felip\OneDrive\Escritorio\PRO_TRESMONTES_v1\backend\configuracion\views.py changed, reloading.
Watching for file changes with StatReloader
C:\Users\felip\OneDrive\Escritorio\PRO_TRESMONTES_v1\backend\qr_system\serializers.py changed, reloading.
Watching for file changes with StatReloader
C:\Users\felip\OneDrive\Escritorio\PRO_TRESMONTES_v1\backend\trabajadores\views.py changed, reloading.
Watching for file changes with StatReloader
C:\Users\felip\OneDrive\Escritorio\PRO_TRESMONTES_v1\backend\trabajadores\urls.py changed, reloading.
Watching for file changes with StatReloader
C:\Users\felip\OneDrive\Escritorio\PRO_TRESMONTES_v1\backend\trabajadores\models.py changed, reloading.
Watching for file changes with StatReloader
Watching for file changes with StatReloader
Not Found: /api/notificaciones/contador/
Not Found: /api/notificaciones/contador/
Not Found: /api/notificaciones/contador/
Not Found: /api/notificaciones/contador/
Not Found: /api/notificaciones/contador/
Not Found: /api/notificaciones/contador/
Not Found: /api/notificaciones/contador/
Not Found: /api/notificaciones/contador/
Not Found: /api/notificaciones/contador/
Not Found: /api/notificaciones/contador/
Not Found: /api/notificaciones/contador/
Not Found: /api/notificaciones/contador/
Not Found: /api/notificaciones/contador/
Not Found: /api/notificaciones/contador/
Not Found: /api/notificaciones/contador/
Not Found: /api/notificaciones/contador/
Not Found: /api/notificaciones/contador/
Not Found: /api/notificaciones/contador/
Not Found: /api/notificaciones/contador/
Not Found: /api/notificaciones/contador/
Not Found: /api/notificaciones/contador/
Not Found: /api/notificaciones/contador/
Not Found: /api/notificaciones/contador/
Not Found: /api/notificaciones/contador/
Not Found: /api/notificaciones/contador/
Not Found: /api/notificaciones/contador/
Not Found: /api/notificaciones/contador/
Not Found: /api/notificaciones/contador/
Not Found: /api/notificaciones/contador/
C:\Users\felip\OneDrive\Escritorio\PRO_TRESMONTES_v1\backend\notificaciones\views.py changed, reloading.
Watching for file changes with StatReloader
Not Found: /api/notificaciones/contador/
C:\Users\felip\OneDrive\Escritorio\PRO_TRESMONTES_v1\backend\notificaciones\urls.py changed, reloading.
Watching for file changes with StatReloader
Watching for file changes with StatReloader
Not Found: /api/notificaciones/contador/
Not Found: /api/notificaciones/contador/
Not Found: /api/notificaciones/contador/
Not Found: /api/notificaciones/contador/
Not Found: /api/notificaciones/contador/
Not Found: /api/notificaciones/contador/
Not Found: /api/notificaciones/contador/
Not Found: /api/notificaciones/contador/
Not Found: /api/notificaciones/contador/
Watching for file changes with StatReloader
Unauthorized: /api/notificaciones/notificaciones/contador/
Unauthorized: /api/notificaciones/notificaciones/contador/
Unauthorized: /api/notificaciones/notificaciones/contador/
Unauthorized: /api/notificaciones/notificaciones/contador/
Unauthorized: /api/notificaciones/notificaciones/contador/
Unauthorized: /api/notificaciones/notificaciones/contador/
Unauthorized: /api/notificaciones/notificaciones/contador/
Unauthorized: /api/notificaciones/notificaciones/contador/
Unauthorized: /api/notificaciones/notificaciones/contador/
Unauthorized: /api/notificaciones/notificaciones/contador/
Unauthorized: /api/notificaciones/notificaciones/contador/
Unauthorized: /api/notificaciones/notificaciones/contador/
Unauthorized: /api/notificaciones/notificaciones/contador/
Unauthorized: /api/notificaciones/notificaciones/contador/
Unauthorized: /api/notificaciones/notificaciones/contador/
Unauthorized: /api/notificaciones/notificaciones/contador/
Watching for file changes with StatReloader
Unauthorized: /api/notificaciones/notificaciones/contador/
Unauthorized: /api/notificaciones/notificaciones/contador/
Unauthorized: /api/notificaciones/notificaciones/contador/
Unauthorized: /api/notificaciones/notificaciones/contador/
Unauthorized: /api/notificaciones/notificaciones/contador/
Unauthorized: /api/notificaciones/notificaciones/contador/
Unauthorized: /api/notificaciones/notificaciones/contador/
Unauthorized: /api/notificaciones/notificaciones/contador/
Unauthorized: /api/notificaciones/notificaciones/contador/
Unauthorized: /api/notificaciones/notificaciones/contador/
Unauthorized: /api/notificaciones/notificaciones/contador/
Unauthorized: /api/notificaciones/notificaciones/contador/
Unauthorized: /api/notificaciones/notificaciones/contador/
Unauthorized: /api/notificaciones/notificaciones/contador/
Unauthorized: /api/notificaciones/notificaciones/contador/
Unauthorized: /api/notificaciones/notificaciones/contador/
Unauthorized: /api/notificaciones/notificaciones/contador/
Unauthorized: /api/notificaciones/notificaciones/contador/
C:\Users\felip\OneDrive\Escritorio\PRO_TRESMONTES_v1\backend\core\urls.py changed, reloading.
Watching for file changes with StatReloader
C:\Users\felip\OneDrive\Escritorio\PRO_TRESMONTES_v1\backend\core\urls.py changed, reloading.
Watching for file changes with StatReloader
C:\Users\felip\OneDrive\Escritorio\PRO_TRESMONTES_v1\backend\core\urls.py changed, reloading.
Watching for file changes with StatReloader
Unauthorized: /api/notificaciones/notificaciones/contador/
Watching for file changes with StatReloader
Unauthorized: /api/notificaciones/notificaciones/contador/
Unauthorized: /api/notificaciones/notificaciones/contador/
Unauthorized: /api/notificaciones/notificaciones/contador/
Unauthorized: /api/notificaciones/notificaciones/contador/
Unauthorized: /api/notificaciones/notificaciones/contador/
Unauthorized: /api/notificaciones/notificaciones/contador/
Method Not Allowed: /token/
Not Found: /favicon.ico
Unauthorized: /api/notificaciones/notificaciones/contador/
Unauthorized: /api/notificaciones/notificaciones/contador/
Unauthorized: /api/notificaciones/notificaciones/contador/
Unauthorized: /api/notificaciones/notificaciones/contador/
Unauthorized: /token/
Unauthorized: /api/notificaciones/notificaciones/contador/
Unauthorized: /api/notificaciones/notificaciones/contador/
Method Not Allowed: /token/
Unauthorized: /api/notificaciones/notificaciones/contador/
Unauthorized: /api/notificaciones/notificaciones/contador/
Unauthorized: /api/notificaciones/notificaciones/contador/
Unauthorized: /api/notificaciones/notificaciones/contador/
Unauthorized: /api/notificaciones/notificaciones/contador/
Unauthorized: /token/
Unauthorized: /api/notificaciones/notificaciones/contador/
Unauthorized: /api/notificaciones/notificaciones/contador/
Unauthorized: /api/notificaciones/notificaciones/contador/
Unauthorized: /api/notificaciones/notificaciones/contador/
Watching for file changes with StatReloader
Unauthorized: /api/notificaciones/notificaciones/contador/
Unauthorized: /api/notificaciones/notificaciones/contador/
Unauthorized: /api/notificaciones/notificaciones/contador/
Not Found: /api/token/
Not Found: /api/token/
Not Found: /api/token/
Method Not Allowed: /token/
Watching for file changes with StatReloader
Not Found: /api/notificaciones/contador/
Not Found: /api/notificaciones/contador/
Not Found: /api/notificaciones/contador/
Not Found: /api/notificaciones/contador/
Not Found: /api/notificaciones/contador/
Not Found: /api/notificaciones/contador/
Not Found: /api/notificaciones/contador/
Not Found: /api/notificaciones/contador/
Watching for file changes with StatReloader
Unauthorized: /api/notificaciones/contador/
Unauthorized: /api/notificaciones/contador/
Unauthorized: /api/notificaciones/contador/
Unauthorized: /api/notificaciones/contador/
Unauthorized: /api/notificaciones/contador/
Unauthorized: /api/notificaciones/contador/
Unauthorized: /api/notificaciones/contador/
Unauthorized: /api/notificaciones/contador/
Unauthorized: /api/notificaciones/contador/
Unauthorized: /api/notificaciones/contador/
Unauthorized: /api/notificaciones/contador/
Unauthorized: /api/trabajadores/
Unauthorized: /api/trabajadores/
Not Found: /api/qr/trabajadores/
Not Found: /api/qr/trabajadores/
Unauthorized: /api/notificaciones/contador/
Unauthorized: /api/notificaciones/contador/
Not Found: /api/qr/trabajadores/
Not Found: /api/qr/trabajadores/
Unauthorized: /api/trabajadores/
Unauthorized: /api/trabajadores/
Unauthorized: /api/notificaciones/contador/
Unauthorized: /api/notificaciones/contador/
Not Found: /api/token/
Not Found: /api/token/
Not Found: /api/token/
Not Found: /api/token/
Not Found: /api/token/
Not Found: /api/token/
Watching for file changes with StatReloader
Watching for file changes with StatReloader
Not Found: /api/token/
Not Found: /api/token/
Not Found: /api/notificaciones/notificaciones/contador/
Not Found: /api/notificaciones/notificaciones/contador/
Not Found: /api/notificaciones/notificaciones/contador/
Not Found: /api/notificaciones/notificaciones/contador/
Not Found: /api/notificaciones/notificaciones/contador/
Not Found: /api/notificaciones/notificaciones/contador/
Not Found: /api/notificaciones/notificaciones/contador/
Not Found: /api/qr/trabajadores/
Not Found: /api/qr/trabajadores/
Not Found: /api/notificaciones/notificaciones/contador/
Not Found: /api/notificaciones/notificaciones/contador/
Not Found: /api/notificaciones/notificaciones/contador/
Not Found: /api/notificaciones/notificaciones/contador/
Not Found: /api/notificaciones/notificaciones/contador/
Not Found: /api/notificaciones/notificaciones/contador/
Not Found: /api/notificaciones/notificaciones/contador/
Not Found: /api/notificaciones/notificaciones/contador/
Not Found: /api/notificaciones/notificaciones/contador/
Not Found: /api/notificaciones/notificaciones/contador/
Not Found: /api/notificaciones/notificaciones/contador/
Not Found: /api/notificaciones/notificaciones/contador/
Not Found: /api/notificaciones/notificaciones/contador/
Not Found: /api/notificaciones/notificaciones/contador/
Not Found: /api/notificaciones/notificaciones/contador/
Not Found: /api/notificaciones/notificaciones/contador/
Not Found: /api/notificaciones/notificaciones/contador/
Not Found: /api/notificaciones/notificaciones/contador/
Not Found: /api/notificaciones/notificaciones/contador/
Not Found: /api/notificaciones/notificaciones/contador/
Not Found: /api/notificaciones/notificaciones/contador/
Not Found: /api/notificaciones/notificaciones/contador/
Not Found: /api/notificaciones/notificaciones/contador/
Not Found: /api/notificaciones/notificaciones/contador/
Not Found: /api/notificaciones/notificaciones/contador/
Not Found: /api/qr/trabajadores/
Not Found: /api/qr/trabajadores/
Not Found: /api/notificaciones/notificaciones/contador/
Not Found: /api/notificaciones/notificaciones/contador/
Not Found: /api/notificaciones/notificaciones/contador/
Not Found: /api/notificaciones/notificaciones/contador/
Not Found: /api/notificaciones/notificaciones/contador/
Not Found: /api/notificaciones/notificaciones/contador/
Not Found: /api/qr/trabajadores/
Not Found: /api/notificaciones/notificaciones/contador/
Not Found: /api/notificaciones/notificaciones/contador/
Not Found: /api/qr/trabajadores/
Not Found: /api/notificaciones/notificaciones/contador/
Not Found: /api/notificaciones/notificaciones/contador/
Not Found: /api/notificaciones/notificaciones/contador/
Not Found: /api/notificaciones/notificaciones/contador/
Not Found: /api/notificaciones/notificaciones/contador/
Not Found: /api/notificaciones/notificaciones/contador/
Not Found: /api/notificaciones/notificaciones/contador/
Not Found: /api/notificaciones/notificaciones/contador/
Not Found: /api/notificaciones/notificaciones/contador/
Not Found: /api/notificaciones/notificaciones/contador/
Not Found: /api/notificaciones/notificaciones/contador/
Not Found: /api/notificaciones/notificaciones/contador/
Not Found: /api/notificaciones/notificaciones/contador/
Not Found: /api/notificaciones/notificaciones/contador/
Not Found: /api/notificaciones/notificaciones/contador/
Not Found: /api/notificaciones/notificaciones/contador/
Not Found: /api/notificaciones/notificaciones/contador/
Not Found: /api/notificaciones/notificaciones/contador/
Not Found: /api/notificaciones/notificaciones/contador/
Not Found: /api/notificaciones/notificaciones/contador/
Not Found: /api/notificaciones/notificaciones/contador/
Not Found: /api/notificaciones/notificaciones/contador/
Not Found: /api/notificaciones/notificaciones/contador/
Not Found: /api/notificaciones/notificaciones/contador/
Not Found: /api/notificaciones/notificaciones/contador/
Not Found: /api/notificaciones/notificaciones/contador/
Not Found: /api/notificaciones/notificaciones/contador/
Not Found: /api/notificaciones/notificaciones/contador/
Watching for file changes with StatReloader
Watching for file changes with StatReloader
Watching for file changes with StatReloader
C:\Users\felip\OneDrive\Escritorio\PRO_TRESMONTES_v1\backend\qr_system\urls.py changed, reloading.
Watching for file changes with StatReloader
C:\Users\felip\OneDrive\Escritorio\PRO_TRESMONTES_v1\backend\qr_system\urls.py changed, reloading.
Watching for file changes with StatReloader
Watching for file changes with StatReloader
Watching for file changes with StatReloader
Watching for file changes with StatReloader
Unauthorized: /api/notificaciones/contador/
Unauthorized: /api/notificaciones/contador/
Not Found: /api/token/refresh/
Not Found: /api/token/refresh/
Watching for file changes with StatReloader
Unauthorized: /api/notificaciones/contador/
Unauthorized: /api/notificaciones/contador/
Not Found: /api/token/refresh/
Not Found: /api/token/refresh/
Unauthorized: /api/notificaciones/contador/
Unauthorized: /api/notificaciones/contador/
Not Found: /api/token/refresh/
Not Found: /api/token/refresh/
Unauthorized: /api/notificaciones/contador/
Unauthorized: /api/notificaciones/contador/
Not Found: /api/token/refresh/
Not Found: /api/token/refresh/
Watching for file changes with StatReloader
Watching for file changes with StatReloader
C:\Users\felip\OneDrive\Escritorio\PRO_TRESMONTES_v1\backend\core\settings.py changed, reloading.
Watching for file changes with StatReloader
C:\Users\felip\OneDrive\Escritorio\PRO_TRESMONTES_v1\backend\core\settings.py changed, reloading.
Watching for file changes with StatReloader
Watching for file changes with StatReloader
Watching for file changes with StatReloader
Unauthorized: /api/notificaciones/contador/
Unauthorized: /api/notificaciones/contador/
Unauthorized: /api/notificaciones/contador/
Unauthorized: /api/notificaciones/contador/
Unauthorized: /api/notificaciones/contador/
Unauthorized: /api/notificaciones/contador/
Unauthorized: /api/notificaciones/contador/
Unauthorized: /api/notificaciones/contador/
Unauthorized: /api/notificaciones/contador/
C:\Users\felip\OneDrive\Escritorio\PRO_TRESMONTES_v1\backend\notificaciones\views.py changed, reloading.
Watching for file changes with StatReloader
Watching for file changes with StatReloader
Unauthorized: /api/notificaciones/contador/
Unauthorized: /api/notificaciones/contador/
Unauthorized: /api/notificaciones/contador/
Unauthorized: /api/notificaciones/contador/
Unauthorized: /api/notificaciones/contador/
Unauthorized: /api/notificaciones/contador/
Unauthorized: /api/notificaciones/contador/
Unauthorized: /api/notificaciones/contador/
Unauthorized: /api/notificaciones/contador/
Unauthorized: /api/notificaciones/contador/
Unauthorized: /api/notificaciones/contador/
Unauthorized: /api/notificaciones/contador/
Unauthorized: /api/notificaciones/contador/
Unauthorized: /api/notificaciones/contador/
Unauthorized: /api/notificaciones/contador/
Unauthorized: /api/notificaciones/contador/
Unauthorized: /api/notificaciones/contador/
Unauthorized: /api/notificaciones/contador/
C:\Users\felip\OneDrive\Escritorio\PRO_TRESMONTES_v1\backend\notificaciones\views.py changed, reloading.
Watching for file changes with StatReloader
C:\Users\felip\OneDrive\Escritorio\PRO_TRESMONTES_v1\backend\notificaciones\views.py changed, reloading.
Watching for file changes with StatReloader
Unauthorized: /api/notificaciones/contador/
Unauthorized: /api/notificaciones/contador/
Unauthorized: /api/notificaciones/contador/
Unauthorized: /api/notificaciones/contador/
Unauthorized: /api/notificaciones/contador/
Unauthorized: /api/notificaciones/contador/
Unauthorized: /api/notificaciones/contador/
Unauthorized: /api/notificaciones/contador/
Unauthorized: /api/notificaciones/contador/
Unauthorized: /api/notificaciones/contador/
Unauthorized: /api/notificaciones/contador/
Unauthorized: /api/notificaciones/contador/
Unauthorized: /api/notificaciones/contador/
Unauthorized: /api/notificaciones/contador/
Unauthorized: /api/notificaciones/contador/
Unauthorized: /api/notificaciones/contador/
Unauthorized: /api/notificaciones/contador/
Unauthorized: /api/notificaciones/contador/
Unauthorized: /api/notificaciones/contador/
Unauthorized: /api/notificaciones/contador/
Unauthorized: /api/notificaciones/contador/
Unauthorized: /api/notificaciones/contador/
C:\Users\felip\OneDrive\Escritorio\PRO_TRESMONTES_v1\backend\notificaciones\views.py changed, reloading.
Watching for file changes with StatReloader
Watching for file changes with StatReloader
Unauthorized: /api/notificaciones/
Unauthorized: /api/notificaciones/
Unauthorized: /api/reportes/entregas/
Unauthorized: /api/reportes/entregas/
Unauthorized: /api/notificaciones/
Unauthorized: /api/notificaciones/
Unauthorized: /api/configuracion/sucursales/
Unauthorized: /api/configuracion/areas/
Unauthorized: /api/configuracion/sucursales/
Unauthorized: /api/configuracion/beneficios/
Unauthorized: /api/configuracion/periodos/
Unauthorized: /api/configuracion/areas/
Unauthorized: /api/configuracion/beneficios/
Unauthorized: /api/configuracion/periodos/
Unauthorized: /api/reportes/entregas/
Unauthorized: /api/reportes/entregas/
Unauthorized: /api/notificaciones/
Unauthorized: /api/notificaciones/
Unauthorized: /api/notificaciones/
Unauthorized: /api/notificaciones/
Unauthorized: /api/notificaciones/
Unauthorized: /api/notificaciones/
Unauthorized: /api/reportes/entregas/
Unauthorized: /api/reportes/entregas/
Not Found: /favicon.ico
C:\Users\felip\OneDrive\Escritorio\PRO_TRESMONTES_v1\backend\qr_system\views.py changed, reloading.
Watching for file changes with StatReloader
C:\Users\felip\OneDrive\Escritorio\PRO_TRESMONTES_v1\backend\notificaciones\views.py changed, reloading.
Watching for file changes with StatReloader
Unauthorized: /api/reportes/entregas/
Unauthorized: /api/reportes/entregas/
C:\Users\felip\OneDrive\Escritorio\PRO_TRESMONTES_v1\backend\notificaciones\models.py changed, reloading.
Watching for file changes with StatReloader
C:\Users\felip\OneDrive\Escritorio\PRO_TRESMONTES_v1\backend\notificaciones\models.py changed, reloading.
Watching for file changes with StatReloader
C:\Users\felip\OneDrive\Escritorio\PRO_TRESMONTES_v1\backend\notificaciones\serializers.py changed, reloading.
Watching for file changes with StatReloader
C:\Users\felip\OneDrive\Escritorio\PRO_TRESMONTES_v1\backend\notificaciones\views.py changed, reloading.
Watching for file changes with StatReloader
C:\Users\felip\OneDrive\Escritorio\PRO_TRESMONTES_v1\backend\notificaciones\views.py changed, reloading.
Watching for file changes with StatReloader
C:\Users\felip\OneDrive\Escritorio\PRO_TRESMONTES_v1\backend\notificaciones\urls.py changed, reloading.
Watching for file changes with StatReloader
C:\Users\felip\OneDrive\Escritorio\PRO_TRESMONTES_v1\backend\core\settings.py changed, reloading.
Watching for file changes with StatReloader
C:\Users\felip\OneDrive\Escritorio\PRO_TRESMONTES_v1\backend\core\settings.py changed, reloading.
Watching for file changes with StatReloader
C:\Users\felip\OneDrive\Escritorio\PRO_TRESMONTES_v1\backend\core\settings.py changed, reloading.
Watching for file changes with StatReloader
C:\Users\felip\OneDrive\Escritorio\PRO_TRESMONTES_v1\backend\core\settings.py changed, reloading.
Watching for file changes with StatReloader
C:\Users\felip\OneDrive\Escritorio\PRO_TRESMONTES_v1\backend\core\settings.py changed, reloading.
Watching for file changes with StatReloader
C:\Users\felip\OneDrive\Escritorio\PRO_TRESMONTES_v1\backend\core\settings.py changed, reloading.
Watching for file changes with StatReloader
C:\Users\felip\OneDrive\Escritorio\PRO_TRESMONTES_v1\backend\core\settings.py changed, reloading.
Watching for file changes with StatReloader
C:\Users\felip\OneDrive\Escritorio\PRO_TRESMONTES_v1\backend\core\settings.py changed, reloading.
Watching for file changes with StatReloader
C:\Users\felip\OneDrive\Escritorio\PRO_TRESMONTES_v1\backend\core\settings.py changed, reloading.
Watching for file changes with StatReloader
C:\Users\felip\OneDrive\Escritorio\PRO_TRESMONTES_v1\backend\core\settings.py changed, reloading.
Watching for file changes with StatReloader
C:\Users\felip\OneDrive\Escritorio\PRO_TRESMONTES_v1\backend\core\settings.py changed, reloading.
Watching for file changes with StatReloader
C:\Users\felip\OneDrive\Escritorio\PRO_TRESMONTES_v1\backend\core\urls.py changed, reloading.
Watching for file changes with StatReloader
C:\Users\felip\OneDrive\Escritorio\PRO_TRESMONTES_v1\backend\core\urls.py changed, reloading.
Watching for file changes with StatReloader
C:\Users\felip\OneDrive\Escritorio\PRO_TRESMONTES_v1\backend\core\urls.py changed, reloading.
Watching for file changes with StatReloader
C:\Users\felip\OneDrive\Escritorio\PRO_TRESMONTES_v1\backend\core\urls.py changed, reloading.
Watching for file changes with StatReloader
C:\Users\felip\OneDrive\Escritorio\PRO_TRESMONTES_v1\backend\notificaciones\views.py changed, reloading.
Watching for file changes with StatReloader
C:\Users\felip\OneDrive\Escritorio\PRO_TRESMONTES_v1\backend\core\urls.py changed, reloading.
Watching for file changes with StatReloader
Watching for file changes with StatReloader
Watching for file changes with StatReloader
Watching for file changes with StatReloader
Watching for file changes with StatReloader
Watching for file changes with StatReloader
Unauthorized: /api/configuracion/sucursales/
Not Found: /favicon.ico
C:\Users\felip\OneDrive\Escritorio\PRO_TRESMONTES_v1\backend\configuracion\views.py changed, reloading.
Watching for file changes with StatReloader
C:\Users\felip\OneDrive\Escritorio\PRO_TRESMONTES_v1\backend\core\urls.py changed, reloading.
Watching for file changes with StatReloader
C:\Users\felip\OneDrive\Escritorio\PRO_TRESMONTES_v1\backend\core\urls.py changed, reloading.
Watching for file changes with StatReloader
C:\Users\felip\OneDrive\Escritorio\PRO_TRESMONTES_v1\backend\configuracion\views.py changed, reloading.
Watching for file changes with StatReloader
Watching for file changes with StatReloader
C:\Users\felip\OneDrive\Escritorio\PRO_TRESMONTES_v1\backend\configuracion\views.py changed, reloading.
Watching for file changes with StatReloader
C:\Users\felip\OneDrive\Escritorio\PRO_TRESMONTES_v1\backend\core\urls.py changed, reloading.
Watching for file changes with StatReloader
C:\Users\felip\OneDrive\Escritorio\PRO_TRESMONTES_v1\backend\notificaciones\views.py changed, reloading.
Watching for file changes with StatReloader
C:\Users\felip\OneDrive\Escritorio\PRO_TRESMONTES_v1\backend\core\settings.py changed, reloading.
Watching for file changes with StatReloader
Watching for file changes with StatReloader
Internal Server Error: /api/notificaciones/enviar/
Traceback (most recent call last):
  File "C:\Users\felip\OneDrive\Escritorio\PRO_TRESMONTES_v1\backend\venv\Lib\site-packages\django\db\models\fields\__init__.py", line 2688, in to_python
    return uuid.UUID(**{input_form: value})
           ~~~~~~~~~^^^^^^^^^^^^^^^^^^^^^^^
  File "C:\Users\felip\AppData\Local\Programs\Python\Python314\Lib\uuid.py", line 219, in __init__
    raise ValueError('badly formed hexadecimal UUID string')
ValueError: badly formed hexadecimal UUID string

During handling of the above exception, another exception occurred:

Traceback (most recent call last):
  File "C:\Users\felip\OneDrive\Escritorio\PRO_TRESMONTES_v1\backend\venv\Lib\site-packages\django\core\handlers\exception.py", line 55, in inner
    response = get_response(request)
  File "C:\Users\felip\OneDrive\Escritorio\PRO_TRESMONTES_v1\backend\venv\Lib\site-packages\django\core\handlers\base.py", line 197, in _get_response
    response = wrapped_callback(request, *callback_args, **callback_kwargs)
  File "C:\Users\felip\OneDrive\Escritorio\PRO_TRESMONTES_v1\backend\venv\Lib\site-packages\django\views\decorators\csrf.py", line 56, in wrapper_view
    return view_func(*args, **kwargs)
  File "C:\Users\felip\OneDrive\Escritorio\PRO_TRESMONTES_v1\backend\venv\Lib\site-packages\rest_framework\viewsets.py", line 125, in view
    return self.dispatch(request, *args, **kwargs)
           ~~~~~~~~~~~~~^^^^^^^^^^^^^^^^^^^^^^^^^^
  File "C:\Users\felip\OneDrive\Escritorio\PRO_TRESMONTES_v1\backend\venv\Lib\site-packages\rest_framework\views.py", line 509, in dispatch
    response = self.handle_exception(exc)
  File "C:\Users\felip\OneDrive\Escritorio\PRO_TRESMONTES_v1\backend\venv\Lib\site-packages\rest_framework\views.py", line 469, in handle_exception
    self.raise_uncaught_exception(exc)
    ~~~~~~~~~~~~~~~~~~~~~~~~~~~~~^^^^^
  File "C:\Users\felip\OneDrive\Escritorio\PRO_TRESMONTES_v1\backend\venv\Lib\site-packages\rest_framework\views.py", line 480, in raise_uncaught_exception
    raise exc
  File "C:\Users\felip\OneDrive\Escritorio\PRO_TRESMONTES_v1\backend\venv\Lib\site-packages\rest_framework\views.py", line 506, in dispatch
    response = handler(request, *args, **kwargs)
  File "C:\Users\felip\OneDrive\Escritorio\PRO_TRESMONTES_v1\backend\notificaciones\views.py", line 59, in enviar
    trabajadores = Trabajador.objects.filter(departamento_id=departamento_id, eliminado=False)
  File "C:\Users\felip\OneDrive\Escritorio\PRO_TRESMONTES_v1\backend\venv\Lib\site-packages\django\db\models\manager.py", line 87, in manager_method
    return getattr(self.get_queryset(), name)(*args, **kwargs)
           ~~~~~~~~~~~~~~~~~~~~~~~~~~~~~~~~~~^^^^^^^^^^^^^^^^^
  File "C:\Users\felip\OneDrive\Escritorio\PRO_TRESMONTES_v1\backend\venv\Lib\site-packages\django\db\models\query.py", line 1436, in filter
    return self._filter_or_exclude(False, args, kwargs)
           ~~~~~~~~~~~~~~~~~~~~~~~^^^^^^^^^^^^^^^^^^^^^
  File "C:\Users\felip\OneDrive\Escritorio\PRO_TRESMONTES_v1\backend\venv\Lib\site-packages\django\db\models\query.py", line 1454, in _filter_or_exclude
    clone._filter_or_exclude_inplace(negate, args, kwargs)
    ~~~~~~~~~~~~~~~~~~~~~~~~~~~~~~~~^^^^^^^^^^^^^^^^^^^^^^
  File "C:\Users\felip\OneDrive\Escritorio\PRO_TRESMONTES_v1\backend\venv\Lib\site-packages\django\db\models\query.py", line 1461, in _filter_or_exclude_inplace
    self._query.add_q(Q(*args, **kwargs))
    ~~~~~~~~~~~~~~~~~^^^^^^^^^^^^^^^^^^^^
  File "C:\Users\felip\OneDrive\Escritorio\PRO_TRESMONTES_v1\backend\venv\Lib\site-packages\django\db\models\sql\query.py", line 1545, in add_q
    clause, _ = self._add_q(q_object, self.used_aliases)
                ~~~~~~~~~~~^^^^^^^^^^^^^^^^^^^^^^^^^^^^^
  File "C:\Users\felip\OneDrive\Escritorio\PRO_TRESMONTES_v1\backend\venv\Lib\site-packages\django\db\models\sql\query.py", line 1576, in _add_q
    child_clause, needed_inner = self.build_filter(
                                 ~~~~~~~~~~~~~~~~~^
        child,
        ^^^^^^
    ...<6 lines>...
        summarize=summarize,
        ^^^^^^^^^^^^^^^^^^^^
    )
    ^
  File "C:\Users\felip\OneDrive\Escritorio\PRO_TRESMONTES_v1\backend\venv\Lib\site-packages\django\db\models\sql\query.py", line 1491, in build_filter
    condition = self.build_lookup(lookups, col, value)
  File "C:\Users\felip\OneDrive\Escritorio\PRO_TRESMONTES_v1\backend\venv\Lib\site-packages\django\db\models\sql\query.py", line 1318, in build_lookup
    lookup = lookup_class(lhs, rhs)
  File "C:\Users\felip\OneDrive\Escritorio\PRO_TRESMONTES_v1\backend\venv\Lib\site-packages\django\db\models\lookups.py", line 27, in __init__
    self.rhs = self.get_prep_lookup()
               ~~~~~~~~~~~~~~~~~~~~^^
  File "C:\Users\felip\OneDrive\Escritorio\PRO_TRESMONTES_v1\backend\venv\Lib\site-packages\django\db\models\fields\related_lookups.py", line 166, in get_prep_lookup
    self.rhs = target_field.get_prep_value(self.rhs)
               ~~~~~~~~~~~~~~~~~~~~~~~~~~~^^^^^^^^^^
  File "C:\Users\felip\OneDrive\Escritorio\PRO_TRESMONTES_v1\backend\venv\Lib\site-packages\django\db\models\fields\__init__.py", line 2672, in get_prep_value
    return self.to_python(value)
           ~~~~~~~~~~~~~~^^^^^^^
  File "C:\Users\felip\OneDrive\Escritorio\PRO_TRESMONTES_v1\backend\venv\Lib\site-packages\django\db\models\fields\__init__.py", line 2690, in to_python
    raise exceptions.ValidationError(
    ...<3 lines>...
    )
django.core.exceptions.ValidationError: ['“” no es un UUID válido.']
